<?xml version="1.0" encoding="utf-8"?><testsuites><testsuite name="pytest" errors="0" failures="0" skipped="0" tests="3" time="0.120" timestamp="2024-02-05T22:42:34.097512" hostname="dillon-pc"><testcase classname="tests.test_load" name="test_load_positive_has_2_people" time="0.001" /><testcase classname="tests.test_load" name="test_load_positive_first_name_starts_with_j" time="0.001" /><testcase classname="integration.test_load" name="test_load" time="0.085" /></testsuite></testsuites>